<?xml version="1.0" encoding="UTF-8"?>
<!-- Generated by org.testng.reporters.JUnitReportReporter -->
<testsuite hostname="DESKTOP-CG7MH85" failures="0" tests="3" name="test.HomeLoan" time="0.003" errors="0" timestamp="2023-01-20T14:27:55 IST" skipped="0">
  <testcase classname="test.HomeLoan" name="HomeLoan3" time="0.001"/>
  <system-out/>
  <testcase classname="test.HomeLoan" name="HomeLoan1" time="0.001"/>
  <system-out/>
  <testcase classname="test.HomeLoan" name="HomeLoan2" time="0.001"/>
  <system-out/>
</testsuite> <!-- test.HomeLoan -->
