<?xml version="1.0" encoding="UTF-8"?>
<!-- Generated by org.testng.reporters.JUnitReportReporter -->
<testsuite hostname="DESKTOP-CG7MH85" failures="0" tests="3" name="test.LoanDepartment" time="0.014" errors="0" timestamp="2023-01-20T14:27:56 IST" skipped="0">
  <testcase classname="test.LoanDepartment" name="Loan3" time="0.001"/>
  <system-out/>
  <testcase classname="test.LoanDepartment" name="Loan2" time="0.001"/>
  <system-out/>
  <testcase classname="test.LoanDepartment" name="Loan1" time="0.012"/>
  <system-out/>
</testsuite> <!-- test.LoanDepartment -->
