<?xml version="1.0" encoding="UTF-8"?>
<!-- Generated by org.testng.reporters.JUnitReportReporter -->
<testsuite hostname="DESKTOP-CG7MH85" failures="0" tests="3" name="test.day1" time="0.012" errors="0" timestamp="2023-01-19T17:31:43 IST" skipped="1">
  <testcase classname="test.day1" name="Loan" time="0.001"/>
  <system-out/>
  <testcase classname="test.day1" name="HomeLoanDepartment" time="0.011"/>
  <system-out/>
  <testcase classname="test.day1" name="CarLoanDepartment">
    <skipped/>
  </testcase> <!-- CarLoanDepartment -->
  <system-out/>
</testsuite> <!-- test.day1 -->
